<?xml version="1.0" encoding="UTF-8"?>
<robot generator="Robot 4.0 (Python 3.9.4 on win32)" generated="20210404 22:02:47.005" rpa="false" schemaversion="2">
<suite id="s1" name="LoginMovida" source="C:\Users\Positivo\Documents\MovidaRobot\1-features\LoginMovida.robot">
<test id="s1-t1" name="Cenario: Cadastrar dados no site da Movida">
<kw name="Inicializa Teste" library="config" type="SETUP">
<kw name="Cpf" library="FakerLibrary">
<var>${cpf}</var>
<msg timestamp="20210404 22:02:47.830" level="INFO">${cpf} = 709.684.312-40</msg>
<status status="PASS" starttime="20210404 22:02:47.829" endtime="20210404 22:02:47.830"/>
</kw>
<kw name="Name" library="FakerLibrary">
<var>${nome}</var>
<doc>:example 'John Doe'</doc>
<msg timestamp="20210404 22:02:47.831" level="INFO">${nome} = Guilherme Souza</msg>
<status status="PASS" starttime="20210404 22:02:47.830" endtime="20210404 22:02:47.831"/>
</kw>
<kw name="Phone Number" library="FakerLibrary">
<var>${telnumero}</var>
<msg timestamp="20210404 22:02:47.849" level="INFO">${telnumero} = +55 21 8625 8531</msg>
<status status="PASS" starttime="20210404 22:02:47.831" endtime="20210404 22:02:47.850"/>
</kw>
<kw name="Date Of Birth" library="FakerLibrary">
<var>${datanasc}</var>
<doc>Generate a random date of birth represented as a Date object,
constrained by optional miminimum_age and maximum_age
parameters.</doc>
<msg timestamp="20210404 22:02:47.850" level="INFO">${datanasc} = 1946-05-15</msg>
<status status="PASS" starttime="20210404 22:02:47.850" endtime="20210404 22:02:47.850"/>
</kw>
<kw name="Phone Number" library="FakerLibrary">
<var>${telefone}</var>
<msg timestamp="20210404 22:02:47.851" level="INFO">${telefone} = +55 31 2636-3930</msg>
<status status="PASS" starttime="20210404 22:02:47.851" endtime="20210404 22:02:47.851"/>
</kw>
<kw name="Phone Number" library="FakerLibrary">
<var>${celular}</var>
<msg timestamp="20210404 22:02:47.851" level="INFO">${celular} = (061) 3585-3545</msg>
<status status="PASS" starttime="20210404 22:02:47.851" endtime="20210404 22:02:47.852"/>
</kw>
<kw name="Email" library="FakerLibrary">
<var>${email}</var>
<msg timestamp="20210404 22:02:47.852" level="INFO">${email} = cda-mota@yahoo.com.br</msg>
<status status="PASS" starttime="20210404 22:02:47.852" endtime="20210404 22:02:47.852"/>
</kw>
<kw name="Set Variable" library="BuiltIn">
<var>${confemail}</var>
<arg>${email}</arg>
<doc>Returns the given values which can then be assigned to a variables.</doc>
<msg timestamp="20210404 22:02:47.853" level="INFO">${confemail} = cda-mota@yahoo.com.br</msg>
<status status="PASS" starttime="20210404 22:02:47.852" endtime="20210404 22:02:47.853"/>
</kw>
<kw name="Postcode" library="FakerLibrary">
<var>${cep}</var>
<doc>Randomly returns a postcode.
:param formatted: True to allow formatted postcodes, else False (default True)
:example formatted: '41224-212' '83992-291' '12324322'
:example raw: '43920231' '34239530'</doc>
<msg timestamp="20210404 22:02:47.853" level="INFO">${cep} = 31128-175</msg>
<status status="PASS" starttime="20210404 22:02:47.853" endtime="20210404 22:02:47.853"/>
</kw>
<kw name="Street Name" library="FakerLibrary">
<var>${logradouro}</var>
<doc>:example 'Crist Parks'</doc>
<msg timestamp="20210404 22:02:47.854" level="INFO">${logradouro} = Largo de Azevedo</msg>
<status status="PASS" starttime="20210404 22:02:47.853" endtime="20210404 22:02:47.854"/>
</kw>
<kw name="Building Number" library="FakerLibrary">
<var>${numlgrd}</var>
<doc>:example '791'</doc>
<msg timestamp="20210404 22:02:47.854" level="INFO">${numlgrd} = 860</msg>
<status status="PASS" starttime="20210404 22:02:47.854" endtime="20210404 22:02:47.854"/>
</kw>
<kw name="Address" library="FakerLibrary">
<var>${complemento}</var>
<doc>:example '791 Crist Parks, Sashabury, IL 86039-9874'</doc>
<msg timestamp="20210404 22:02:47.855" level="INFO">${complemento} = Jardim Gabriela Costela, 20
Acaba Mundo
74816-170 da Costa do Oeste / RR</msg>
<status status="PASS" starttime="20210404 22:02:47.855" endtime="20210404 22:02:47.855"/>
</kw>
<kw name="State Abbr" library="FakerLibrary">
<var>${bairro}</var>
<msg timestamp="20210404 22:02:47.856" level="INFO">${bairro} = RR</msg>
<status status="PASS" starttime="20210404 22:02:47.855" endtime="20210404 22:02:47.856"/>
</kw>
<kw name="Password" library="FakerLibrary">
<var>${senha}</var>
<doc>Generate a random password of the specified ``length``.</doc>
<msg timestamp="20210404 22:02:47.856" level="INFO">${senha} = $j3fPpt2%(</msg>
<status status="PASS" starttime="20210404 22:02:47.856" endtime="20210404 22:02:47.856"/>
</kw>
<kw name="Open Browser" library="SeleniumLibrary">
<arg>https://www.movida.com.br</arg>
<arg>chrome</arg>
<doc>Opens a new browser instance to the optional ``url``.</doc>
<msg timestamp="20210404 22:02:47.857" level="INFO">Opening browser 'chrome' to base url 'https://www.movida.com.br'.</msg>
<status status="PASS" starttime="20210404 22:02:47.856" endtime="20210404 22:02:52.864"/>
</kw>
<kw name="Maximize Browser Window" library="SeleniumLibrary">
<doc>Maximizes current browser window.</doc>
<status status="PASS" starttime="20210404 22:02:52.864" endtime="20210404 22:02:53.039"/>
</kw>
<status status="PASS" starttime="20210404 22:02:47.828" endtime="20210404 22:02:53.039"/>
</kw>
<kw name="Quando realizo a criação da conta" library="LoginMovidaSteps">
<kw name="PreencheDados" library="LoginMovidaPages">
<kw name="Wait Until Element Is Visible" library="SeleniumLibrary">
<arg>${usermenu}</arg>
<arg>30</arg>
<doc>Waits until the element ``locator`` is visible.</doc>
<status status="PASS" starttime="20210404 22:02:53.042" endtime="20210404 22:02:53.867"/>
</kw>
<kw name="Sleep" library="BuiltIn">
<arg>1</arg>
<doc>Pauses the test executed for the given time.</doc>
<msg timestamp="20210404 22:02:54.878" level="INFO">Slept 1 second</msg>
<status status="PASS" starttime="20210404 22:02:53.868" endtime="20210404 22:02:54.878"/>
</kw>
<kw name="Click Element" library="SeleniumLibrary">
<arg>${usermenu}</arg>
<doc>Click the element identified by ``locator``.</doc>
<msg timestamp="20210404 22:02:54.879" level="INFO">Clicking element 'xpath=//div[@class='name-user-menu']'.</msg>
<status status="PASS" starttime="20210404 22:02:54.878" endtime="20210404 22:02:55.122"/>
</kw>
<kw name="Click Element" library="SeleniumLibrary">
<arg>${linkout}</arg>
<doc>Click the element identified by ``locator``.</doc>
<msg timestamp="20210404 22:02:55.124" level="INFO">Clicking element 'xpath=a[class="user-menu-link-out"]'.</msg>
<kw name="Capture Page Screenshot" library="SeleniumLibrary">
<doc>Takes a screenshot of the current page and embeds it into a log file.</doc>
<msg timestamp="20210404 22:02:55.711" level="INFO" html="true">&lt;/td&gt;&lt;/tr&gt;&lt;tr&gt;&lt;td colspan="3"&gt;&lt;a href="selenium-screenshot-4.png"&gt;&lt;img src="selenium-screenshot-4.png" width="800px"&gt;&lt;/a&gt;</msg>
<status status="PASS" starttime="20210404 22:02:55.150" endtime="20210404 22:02:55.711"/>
</kw>
<msg timestamp="20210404 22:02:55.716" level="FAIL">Element with locator 'xpath=a[class="user-menu-link-out"]' not found.</msg>
<status status="FAIL" starttime="20210404 22:02:55.123" endtime="20210404 22:02:55.716"/>
</kw>
<kw name="Input Text" library="SeleniumLibrary">
<arg>${controlcpf}</arg>
<arg>${cpf}</arg>
<doc>Types the given ``text`` into the text field identified by ``locator``.</doc>
<status status="NOT RUN" starttime="20210404 22:02:55.716" endtime="20210404 22:02:55.717"/>
</kw>
<kw name="Input Text" library="SeleniumLibrary">
<arg>${nome}</arg>
<doc>Types the given ``text`` into the text field identified by ``locator``.</doc>
<status status="NOT RUN" starttime="20210404 22:02:55.717" endtime="20210404 22:02:55.717"/>
</kw>
<kw name="Click Element" library="SeleniumLibrary">
<arg>${feminino}</arg>
<doc>Click the element identified by ``locator``.</doc>
<status status="NOT RUN" starttime="20210404 22:02:55.718" endtime="20210404 22:02:55.718"/>
</kw>
<kw name="Input Text" library="SeleniumLibrary">
<arg>${datanasc}</arg>
<doc>Types the given ``text`` into the text field identified by ``locator``.</doc>
<status status="NOT RUN" starttime="20210404 22:02:55.718" endtime="20210404 22:02:55.718"/>
</kw>
<kw name="Input Text" library="SeleniumLibrary">
<arg>${telefone}</arg>
<doc>Types the given ``text`` into the text field identified by ``locator``.</doc>
<status status="NOT RUN" starttime="20210404 22:02:55.718" endtime="20210404 22:02:55.719"/>
</kw>
<kw name="Input Text" library="SeleniumLibrary">
<arg>${celular}</arg>
<doc>Types the given ``text`` into the text field identified by ``locator``.</doc>
<status status="NOT RUN" starttime="20210404 22:02:55.719" endtime="20210404 22:02:55.719"/>
</kw>
<kw name="Input Text" library="SeleniumLibrary">
<arg>${e-mail}</arg>
<arg>${email}</arg>
<doc>Types the given ``text`` into the text field identified by ``locator``.</doc>
<status status="NOT RUN" starttime="20210404 22:02:55.719" endtime="20210404 22:02:55.720"/>
</kw>
<kw name="Input Text" library="SeleniumLibrary">
<arg>${emailconf}</arg>
<arg>${email}</arg>
<doc>Types the given ``text`` into the text field identified by ``locator``.</doc>
<status status="NOT RUN" starttime="20210404 22:02:55.720" endtime="20210404 22:02:55.720"/>
</kw>
<kw name="Input Text" library="SeleniumLibrary">
<arg>${cep}</arg>
<doc>Types the given ``text`` into the text field identified by ``locator``.</doc>
<status status="NOT RUN" starttime="20210404 22:02:55.720" endtime="20210404 22:02:55.721"/>
</kw>
<kw name="Input Text" library="SeleniumLibrary">
<arg>${logradouro}</arg>
<doc>Types the given ``text`` into the text field identified by ``locator``.</doc>
<status status="NOT RUN" starttime="20210404 22:02:55.721" endtime="20210404 22:02:55.721"/>
</kw>
<kw name="Input Text" library="SeleniumLibrary">
<arg>${numero}</arg>
<doc>Types the given ``text`` into the text field identified by ``locator``.</doc>
<status status="NOT RUN" starttime="20210404 22:02:55.721" endtime="20210404 22:02:55.721"/>
</kw>
<kw name="Input Text" library="SeleniumLibrary">
<arg>${complemento}</arg>
<doc>Types the given ``text`` into the text field identified by ``locator``.</doc>
<status status="NOT RUN" starttime="20210404 22:02:55.722" endtime="20210404 22:02:55.722"/>
</kw>
<kw name="Input Text" library="SeleniumLibrary">
<arg>${bairro}</arg>
<doc>Types the given ``text`` into the text field identified by ``locator``.</doc>
<status status="NOT RUN" starttime="20210404 22:02:55.722" endtime="20210404 22:02:55.722"/>
</kw>
<kw name="Click Element" library="SeleniumLibrary">
<arg>${pais}</arg>
<doc>Click the element identified by ``locator``.</doc>
<status status="NOT RUN" starttime="20210404 22:02:55.723" endtime="20210404 22:02:55.723"/>
</kw>
<kw name="Click Element" library="SeleniumLibrary">
<arg>${valor1}</arg>
<doc>Click the element identified by ``locator``.</doc>
<status status="NOT RUN" starttime="20210404 22:02:55.723" endtime="20210404 22:02:55.723"/>
</kw>
<kw name="Click Element" library="SeleniumLibrary">
<arg>${ufsel}</arg>
<doc>Click the element identified by ``locator``.</doc>
<status status="NOT RUN" starttime="20210404 22:02:55.724" endtime="20210404 22:02:55.724"/>
</kw>
<kw name="Click Element" library="SeleniumLibrary">
<arg>${sp}</arg>
<doc>Click the element identified by ``locator``.</doc>
<status status="NOT RUN" starttime="20210404 22:02:55.724" endtime="20210404 22:02:55.724"/>
</kw>
<kw name="Click Element" library="SeleniumLibrary">
<arg>${cidadesel}</arg>
<doc>Click the element identified by ``locator``.</doc>
<status status="NOT RUN" starttime="20210404 22:02:55.724" endtime="20210404 22:02:55.725"/>
</kw>
<kw name="Click Element" library="SeleniumLibrary">
<arg>${cid}</arg>
<doc>Click the element identified by ``locator``.</doc>
<status status="NOT RUN" starttime="20210404 22:02:55.725" endtime="20210404 22:02:55.725"/>
</kw>
<status status="FAIL" starttime="20210404 22:02:53.041" endtime="20210404 22:02:55.726"/>
</kw>
<kw name="Senha" library="LoginMovidaPages">
<status status="NOT RUN" starttime="20210404 22:02:55.726" endtime="20210404 22:02:55.726"/>
</kw>
<status status="FAIL" starttime="20210404 22:02:53.040" endtime="20210404 22:02:55.726"/>
</kw>
<kw name="Então devo logar no site com os dados criados" library="LoginMovidaSteps">
<status status="NOT RUN" starttime="20210404 22:02:55.727" endtime="20210404 22:02:55.727"/>
</kw>
<kw name="Fecha Navegador" library="config" type="TEARDOWN">
<kw name="Close Browser" library="SeleniumLibrary">
<doc>Closes the current browser.</doc>
<status status="PASS" starttime="20210404 22:02:55.729" endtime="20210404 22:02:59.306"/>
</kw>
<status status="PASS" starttime="20210404 22:02:55.728" endtime="20210404 22:02:59.307"/>
</kw>
<status status="FAIL" starttime="20210404 22:02:47.826" endtime="20210404 22:02:59.309">Element with locator 'xpath=a[class="user-menu-link-out"]' not found.</status>
</test>
<status status="FAIL" starttime="20210404 22:02:47.007" endtime="20210404 22:02:59.316"/>
</suite>
<statistics>
<total>
<stat pass="0" fail="1" skip="0">All Tests</stat>
</total>
<tag>
</tag>
<suite>
<stat pass="0" fail="1" skip="0" id="s1" name="LoginMovida">LoginMovida</stat>
</suite>
</statistics>
<errors>
</errors>
</robot>
